<?xml version="1.0" encoding="UTF-8"?>
<!-- Generated by org.testng.reporters.JUnitReportReporter -->
<testsuite hostname="Charan" failures="0" tests="2" name="linkedin.LinkedInSearchServCatgs" time="14.863" errors="0" timestamp="2022-06-28T16:02:48 EDT" skipped="0">
  <testcase classname="linkedin.LinkedInSearchServCatgs" name="LinkedInSearchServCatgs1" time="10.657"/>
  <system-out/>
  <testcase classname="linkedin.LinkedInSearchServCatgs" name="LinkedInSearchServCatgs2" time="4.206"/>
  <system-out/>
</testsuite> <!-- linkedin.LinkedInSearchServCatgs -->
