<?xml version="1.0" encoding="UTF-8"?>
<!-- Generated by org.testng.reporters.JUnitReportReporter -->
<testsuite hostname="Charan" failures="0" tests="2" name="linkedin.LinkedInSearchIndustry" time="14.573" errors="0" timestamp="2022-06-28T15:50:22 EDT" skipped="0">
  <testcase classname="linkedin.LinkedInSearchIndustry" name="LinkedInSearchIndustry1" time="10.451"/>
  <system-out/>
  <testcase classname="linkedin.LinkedInSearchIndustry" name="LinkedInSearchIndustry2" time="4.122"/>
  <system-out/>
</testsuite> <!-- linkedin.LinkedInSearchIndustry -->
