<?xml version="1.0" encoding="UTF-8"?>
<!-- Generated by org.testng.reporters.JUnitReportReporter -->
<testsuite hostname="Charan" failures="0" tests="2" name="linkedin.LinkedInSearchLocation" time="17.481" errors="0" timestamp="2022-06-28T15:02:01 EDT" skipped="0">
  <testcase classname="linkedin.LinkedInSearchLocation" name="LinkedInSearchLocation1" time="13.246"/>
  <system-out/>
  <testcase classname="linkedin.LinkedInSearchLocation" name="LinkedInSearchLocation2" time="4.235"/>
  <system-out/>
</testsuite> <!-- linkedin.LinkedInSearchLocation -->
