<?xml version="1.0" encoding="UTF-8"?>
<!-- Generated by org.testng.reporters.JUnitReportReporter -->
<testsuite hostname="Charan" failures="0" tests="4" name="testcases.TestScenarios" time="0.040" errors="0" timestamp="2022-06-28T00:04:03 EDT" skipped="0">
  <testcase classname="testcases.TestScenarios" name="createFlightTicket" time="0.030"/>
  <system-out/>
  <testcase classname="testcases.TestScenarios" name="updateFlightTicket" time="0.004"/>
  <system-out/>
  <testcase classname="testcases.TestScenarios" name="cancelFlightTicket" time="0.004"/>
  <system-out/>
  <testcase classname="testcases.TestScenarios" name="orderFood" time="0.002"/>
  <system-out/>
</testsuite> <!-- testcases.TestScenarios -->
