<?xml version="1.0" encoding="UTF-8"?>
<!-- Generated by org.testng.reporters.JUnitReportReporter -->
<testsuite hostname="Charan" failures="0" tests="2" name="linkedin.LinkedInSearchLanguage" time="14.694" errors="0" timestamp="2022-06-28T15:57:39 EDT" skipped="0">
  <testcase classname="linkedin.LinkedInSearchLanguage" name="LinkedInSearchLanguage2" time="4.157"/>
  <system-out/>
  <testcase classname="linkedin.LinkedInSearchLanguage" name="LinkedInSearchLanguage1" time="10.537"/>
  <system-out/>
</testsuite> <!-- linkedin.LinkedInSearchLanguage -->
