<?xml version="1.0" encoding="UTF-8"?>
<!-- Generated by org.testng.reporters.JUnitReportReporter -->
<testsuite hostname="Charan" failures="0" tests="2" name="linkedin.LinkedInSearchPstCmpny" time="15.076" errors="0" timestamp="2022-06-28T15:26:34 EDT" skipped="0">
  <testcase classname="linkedin.LinkedInSearchPstCmpny" name="LinkedInSearchCurCmpny1" time="10.925"/>
  <system-out/>
  <testcase classname="linkedin.LinkedInSearchPstCmpny" name="LinkedInSearchCurCmpny2" time="4.151"/>
  <system-out/>
</testsuite> <!-- linkedin.LinkedInSearchPstCmpny -->
