<?xml version="1.0" encoding="UTF-8"?>
<!-- Generated by org.testng.reporters.JUnitReportReporter -->
<testsuite hostname="Charan" failures="0" tests="2" name="linkedin.LinkedInSearchCurCmpny" time="15.255" errors="0" timestamp="2022-06-28T15:12:02 EDT" skipped="0">
  <testcase classname="linkedin.LinkedInSearchCurCmpny" name="LinkedInSearchCurCmpny1" time="10.951"/>
  <system-out/>
  <testcase classname="linkedin.LinkedInSearchCurCmpny" name="LinkedInSearchCurCmpny2" time="4.304"/>
  <system-out/>
</testsuite> <!-- linkedin.LinkedInSearchCurCmpny -->
