<?xml version="1.0" encoding="UTF-8"?>
<!-- Generated by org.testng.reporters.JUnitReportReporter -->
<testsuite hostname="Charan" failures="0" tests="2" name="linkedin.LinkedInSearchSchool" time="14.802" errors="0" timestamp="2022-06-28T15:33:34 EDT" skipped="0">
  <testcase classname="linkedin.LinkedInSearchSchool" name="LinkedInSearchSchool2" time="4.088"/>
  <system-out/>
  <testcase classname="linkedin.LinkedInSearchSchool" name="LinkedInSearchSchool1" time="10.714"/>
  <system-out/>
</testsuite> <!-- linkedin.LinkedInSearchSchool -->
