<?xml version="1.0" encoding="UTF-8"?>
<!-- Generated by org.testng.reporters.JUnitReportReporter -->
<testsuite hostname="Charan" failures="0" tests="2" name="testcases.TestScenarios4" time="0.008" errors="0" timestamp="2022-06-28T00:40:26 EDT" skipped="0">
  <testcase classname="testcases.TestScenarios4" name="TestScenarios402" time="0.004"/>
  <system-out/>
  <testcase classname="testcases.TestScenarios4" name="TestScenarios401" time="0.004"/>
  <system-out/>
</testsuite> <!-- testcases.TestScenarios4 -->
