<?xml version="1.0" encoding="UTF-8"?>
<!-- Generated by org.testng.reporters.JUnitReportReporter -->
<testsuite hostname="Charan" failures="0" tests="1" name="testcases.AssertGoogleTitle" time="5.742" errors="0" timestamp="2022-06-28T00:11:13 EDT" skipped="0">
  <testcase classname="testcases.AssertGoogleTitle" name="openGoogle" time="5.742"/>
  <system-out/>
</testsuite> <!-- testcases.AssertGoogleTitle -->
