<?xml version="1.0" encoding="UTF-8"?>
<!-- Generated by org.testng.reporters.JUnitReportReporter -->
<testsuite hostname="Charan" failures="0" tests="2" name="linkedin.LinkedInSearch" time="14.406" errors="0" timestamp="2022-06-28T14:45:29 EDT" skipped="0">
  <testcase classname="linkedin.LinkedInSearch" name="LinkedInSearch2" time="3.749"/>
  <system-out/>
  <testcase classname="linkedin.LinkedInSearch" name="LinkedInSearch1" time="10.657"/>
  <system-out/>
</testsuite> <!-- linkedin.LinkedInSearch -->
